[31m[Nest] 13864  - [39m31.01.2026, 23:10:02 [31m  ERROR[39m [38;5;3m[MonitoringInterceptor] [39m[31mRequest failed: POST /api/v1/media took 267ms[39m
BadRequestException: Validation failed (current file type is image/png, expected type is /(jpg|jpeg|png|gif|webp|svg|mp4|webm|pdf|doc|docx|txt)/)
    at ParseFilePipe.exceptionFactory (C:\Users\Admin\Documents\GitHub\netflow-cms\node_modules\.pnpm\@nestjs+common@10.4.20_class-transformer@0.5.1_class-validator@0.14.3_reflect-metadata@0.1.14_rxjs@7.8.2\node_modules\@nestjs\common\pipes\file\parse-file.pipe.js:24:27)
    at ParseFilePipe.validateOrThrow (C:\Users\Admin\Documents\GitHub\netflow-cms\node_modules\.pnpm\@nestjs+common@10.4.20_class-transformer@0.5.1_class-validator@0.14.3_reflect-metadata@0.1.14_rxjs@7.8.2\node_modules\@nestjs\common\pipes\file\parse-file.pipe.js:61:24)
    at processTicksAndRejections (node:internal/process/task_queues:103:5)
    at async ParseFilePipe.validate (C:\Users\Admin\Documents\GitHub\netflow-cms\node_modules\.pnpm\@nestjs+common@10.4.20_class-transformer@0.5.1_class-validator@0.14.3_reflect-metadata@0.1.14_rxjs@7.8.2\node_modules\@nestjs\common\pipes\file\parse-file.pipe.js:53:13)
    at async ParseFilePipe.validateFilesOrFile (C:\Users\Admin\Documents\GitHub\netflow-cms\node_modules\.pnpm\@nestjs+common@10.4.20_class-transformer@0.5.1_class-validator@0.14.3_reflect-metadata@0.1.14_rxjs@7.8.2\node_modules\@nestjs\common\pipes\file\parse-file.pipe.js:43:13)
    at async ParseFilePipe.transform (C:\Users\Admin\Documents\GitHub\netflow-cms\node_modules\.pnpm\@nestjs+common@10.4.20_class-transformer@0.5.1_class-validator@0.14.3_reflect-metadata@0.1.14_rxjs@7.8.2\node_modules\@nestjs\common\pipes\file\parse-file.pipe.js:34:13)
    at async resolveParamValue (C:\Users\Admin\Documents\GitHub\netflow-cms\node_modules\.pnpm\@nestjs+core@10.4.20_@nestjs+common@10.4.20_@nestjs+platform-express@10.4.20_reflect-metadata@0.1.14_rxjs@7.8.2\node_modules\@nestjs\core\router\router-execution-context.js:148:23)
    at async Promise.all (index 2)
    at async pipesFn (C:\Users\Admin\Documents\GitHub\netflow-cms\node_modules\.pnpm\@nestjs+core@10.4.20_@nestjs+common@10.4.20_@nestjs+platform-express@10.4.20_reflect-metadata@0.1.14_rxjs@7.8.2\node_modules\@nestjs\core\router\router-execution-context.js:151:13)
    at async C:\Users\Admin\Documents\GitHub\netflow-cms\node_modules\.pnpm\@nestjs+core@10.4.20_@nestjs+common@10.4.20_@nestjs+platform-express@10.4.20_reflect-metadata@0.1.14_rxjs@7.8.2\node_modules\@nestjs\core\router\router-execution-context.js:37:30
[31m[Nest] 13864  - [39m01.02.2026, 00:20:57 [31m  ERROR[39m [38;5;3m[MonitoringInterceptor] [39m[31mRequest failed: POST /api/v1/auth/site-token took 179ms[39m
UnauthorizedException: Not a member of the organization that owns this site
    at AuthService.issueSiteToken (C:\Users\Admin\Documents\GitHub\netflow-cms\apps\api\src\modules\auth\auth.service.ts:676:15)
    at async AuthController.issueSiteToken (C:\Users\Admin\Documents\GitHub\netflow-cms\apps\api\src\modules\auth\auth.controller.ts:164:20)
[31m[Nest] 13864  - [39m01.02.2026, 00:20:57 [31m  ERROR[39m [38;5;3m[MonitoringInterceptor] [39m[31mRequest failed: POST /api/v1/auth/site-token took 309ms[39m
UnauthorizedException: Not a member of the organization that owns this site
    at AuthService.issueSiteToken (C:\Users\Admin\Documents\GitHub\netflow-cms\apps\api\src\modules\auth\auth.service.ts:676:15)
    at async AuthController.issueSiteToken (C:\Users\Admin\Documents\GitHub\netflow-cms\apps\api\src\modules\auth\auth.controller.ts:164:20)
[31m[Nest] 13864  - [39m01.02.2026, 20:30:53 [31m  ERROR[39m [38;5;3m[MonitoringInterceptor] [39m[31mRequest failed: POST /api/v1/auth/site-token took 123ms[39m
UnauthorizedException: Not a member of the organization that owns this site
    at AuthService.issueSiteToken (C:\Users\Admin\Documents\GitHub\netflow-cms\apps\api\src\modules\auth\auth.service.ts:676:15)
    at async AuthController.issueSiteToken (C:\Users\Admin\Documents\GitHub\netflow-cms\apps\api\src\modules\auth\auth.controller.ts:164:20)
[31m[Nest] 13864  - [39m01.02.2026, 20:30:53 [31m  ERROR[39m [38;5;3m[MonitoringInterceptor] [39m[31mRequest failed: POST /api/v1/auth/site-token took 171ms[39m
UnauthorizedException: Not a member of the organization that owns this site
    at AuthService.issueSiteToken (C:\Users\Admin\Documents\GitHub\netflow-cms\apps\api\src\modules\auth\auth.service.ts:676:15)
    at async AuthController.issueSiteToken (C:\Users\Admin\Documents\GitHub\netflow-cms\apps\api\src\modules\auth\auth.controller.ts:164:20)
[31m[Nest] 13864  - [39m01.02.2026, 20:30:53 [31m  ERROR[39m [38;5;3m[MonitoringInterceptor] [39m[31mRequest failed: POST /api/v1/auth/site-token took 171ms[39m
UnauthorizedException: Not a member of the organization that owns this site
    at AuthService.issueSiteToken (C:\Users\Admin\Documents\GitHub\netflow-cms\apps\api\src\modules\auth\auth.service.ts:676:15)
    at async AuthController.issueSiteToken (C:\Users\Admin\Documents\GitHub\netflow-cms\apps\api\src\modules\auth\auth.controller.ts:164:20)
[31m[Nest] 13864  - [39m01.02.2026, 20:30:54 [31m  ERROR[39m [38;5;3m[MonitoringInterceptor] [39m[31mRequest failed: POST /api/v1/auth/site-token took 227ms[39m
UnauthorizedException: Not a member of the organization that owns this site
    at AuthService.issueSiteToken (C:\Users\Admin\Documents\GitHub\netflow-cms\apps\api\src\modules\auth\auth.service.ts:676:15)
    at async AuthController.issueSiteToken (C:\Users\Admin\Documents\GitHub\netflow-cms\apps\api\src\modules\auth\auth.controller.ts:164:20)
[31m[Nest] 13864  - [39m01.02.2026, 20:30:54 [31m  ERROR[39m [38;5;3m[MonitoringInterceptor] [39m[31mRequest failed: POST /api/v1/auth/site-token took 14ms[39m
UnauthorizedException: Not a member of the organization that owns this site
    at AuthService.issueSiteToken (C:\Users\Admin\Documents\GitHub\netflow-cms\apps\api\src\modules\auth\auth.service.ts:676:15)
    at async AuthController.issueSiteToken (C:\Users\Admin\Documents\GitHub\netflow-cms\apps\api\src\modules\auth\auth.controller.ts:164:20)
[31m[Nest] 13864  - [39m01.02.2026, 20:30:54 [31m  ERROR[39m [38;5;3m[MonitoringInterceptor] [39m[31mRequest failed: POST /api/v1/auth/site-token took 16ms[39m
UnauthorizedException: Not a member of the organization that owns this site
    at AuthService.issueSiteToken (C:\Users\Admin\Documents\GitHub\netflow-cms\apps\api\src\modules\auth\auth.service.ts:676:15)
    at async AuthController.issueSiteToken (C:\Users\Admin\Documents\GitHub\netflow-cms\apps\api\src\modules\auth\auth.controller.ts:164:20)
[31m[Nest] 13864  - [39m01.02.2026, 21:11:53 [31m  ERROR[39m [38;5;3m[MonitoringInterceptor] [39m[31mRequest failed: POST /api/v1/auth/site-token took 189ms[39m
UnauthorizedException: Not a member of the organization that owns this site
    at AuthService.issueSiteToken (C:\Users\Admin\Documents\GitHub\netflow-cms\apps\api\src\modules\auth\auth.service.ts:676:15)
    at async AuthController.issueSiteToken (C:\Users\Admin\Documents\GitHub\netflow-cms\apps\api\src\modules\auth\auth.controller.ts:164:20)
[31m[Nest] 13864  - [39m01.02.2026, 21:11:53 [31m  ERROR[39m [38;5;3m[MonitoringInterceptor] [39m[31mRequest failed: POST /api/v1/auth/site-token took 214ms[39m
UnauthorizedException: Not a member of the organization that owns this site
    at AuthService.issueSiteToken (C:\Users\Admin\Documents\GitHub\netflow-cms\apps\api\src\modules\auth\auth.service.ts:676:15)
    at async AuthController.issueSiteToken (C:\Users\Admin\Documents\GitHub\netflow-cms\apps\api\src\modules\auth\auth.controller.ts:164:20)
[31m[Nest] 13864  - [39m01.02.2026, 21:11:53 [31m  ERROR[39m [38;5;3m[MonitoringInterceptor] [39m[31mRequest failed: POST /api/v1/auth/site-token took 11ms[39m
UnauthorizedException: Not a member of the organization that owns this site
    at AuthService.issueSiteToken (C:\Users\Admin\Documents\GitHub\netflow-cms\apps\api\src\modules\auth\auth.service.ts:676:15)
    at async AuthController.issueSiteToken (C:\Users\Admin\Documents\GitHub\netflow-cms\apps\api\src\modules\auth\auth.controller.ts:164:20)
[31m[Nest] 13864  - [39m01.02.2026, 21:11:53 [31m  ERROR[39m [38;5;3m[MonitoringInterceptor] [39m[31mRequest failed: POST /api/v1/auth/site-token took 213ms[39m
UnauthorizedException: Not a member of the organization that owns this site
    at AuthService.issueSiteToken (C:\Users\Admin\Documents\GitHub\netflow-cms\apps\api\src\modules\auth\auth.service.ts:676:15)
    at async AuthController.issueSiteToken (C:\Users\Admin\Documents\GitHub\netflow-cms\apps\api\src\modules\auth\auth.controller.ts:164:20)
[31m[Nest] 13864  - [39m01.02.2026, 21:11:53 [31m  ERROR[39m [38;5;3m[MonitoringInterceptor] [39m[31mRequest failed: POST /api/v1/auth/site-token took 197ms[39m
UnauthorizedException: Not a member of the organization that owns this site
    at AuthService.issueSiteToken (C:\Users\Admin\Documents\GitHub\netflow-cms\apps\api\src\modules\auth\auth.service.ts:676:15)
    at async AuthController.issueSiteToken (C:\Users\Admin\Documents\GitHub\netflow-cms\apps\api\src\modules\auth\auth.controller.ts:164:20)
[31m[Nest] 13864  - [39m01.02.2026, 21:13:34 [31m  ERROR[39m [38;5;3m[MonitoringInterceptor] [39m[31mRequest failed: POST /api/v1/auth/site-token took 10ms[39m
UnauthorizedException: Not a member of the organization that owns this site
    at AuthService.issueSiteToken (C:\Users\Admin\Documents\GitHub\netflow-cms\apps\api\src\modules\auth\auth.service.ts:676:15)
    at async AuthController.issueSiteToken (C:\Users\Admin\Documents\GitHub\netflow-cms\apps\api\src\modules\auth\auth.controller.ts:164:20)
[31m[Nest] 13864  - [39m01.02.2026, 21:13:34 [31m  ERROR[39m [38;5;3m[MonitoringInterceptor] [39m[31mRequest failed: POST /api/v1/auth/site-token took 238ms[39m
UnauthorizedException: Not a member of the organization that owns this site
    at AuthService.issueSiteToken (C:\Users\Admin\Documents\GitHub\netflow-cms\apps\api\src\modules\auth\auth.service.ts:676:15)
    at async AuthController.issueSiteToken (C:\Users\Admin\Documents\GitHub\netflow-cms\apps\api\src\modules\auth\auth.controller.ts:164:20)
[31m[Nest] 13864  - [39m01.02.2026, 21:13:34 [31m  ERROR[39m [38;5;3m[MonitoringInterceptor] [39m[31mRequest failed: POST /api/v1/auth/site-token took 247ms[39m
UnauthorizedException: Not a member of the organization that owns this site
    at AuthService.issueSiteToken (C:\Users\Admin\Documents\GitHub\netflow-cms\apps\api\src\modules\auth\auth.service.ts:676:15)
    at async AuthController.issueSiteToken (C:\Users\Admin\Documents\GitHub\netflow-cms\apps\api\src\modules\auth\auth.controller.ts:164:20)
[31m[Nest] 13864  - [39m01.02.2026, 21:13:34 [31m  ERROR[39m [38;5;3m[MonitoringInterceptor] [39m[31mRequest failed: POST /api/v1/auth/site-token took 223ms[39m
UnauthorizedException: Not a member of the organization that owns this site
    at AuthService.issueSiteToken (C:\Users\Admin\Documents\GitHub\netflow-cms\apps\api\src\modules\auth\auth.service.ts:676:15)
    at async AuthController.issueSiteToken (C:\Users\Admin\Documents\GitHub\netflow-cms\apps\api\src\modules\auth\auth.controller.ts:164:20)
